/home/parallels/Development/reality2/apps/mrserver/deps/relx
/home/parallels/Development/reality2/apps/mrserver/deps/bbmustache
/home/parallels/Development/reality2/apps/mrserver/deps/gun
/home/parallels/Development/reality2/apps/mrserver/deps/cowlib
/home/parallels/Development/reality2/apps/mrserver/deps/cowboy
/home/parallels/Development/reality2/apps/mrserver/deps/ranch
/home/parallels/Development/reality2/apps/mrserver/deps/ej
/home/parallels/Development/reality2/apps/mrserver/deps/uuid
/home/parallels/Development/reality2/apps/mrserver/deps/quickrand
/home/parallels/Development/reality2/apps/mrserver/deps/eunit
/home/parallels/Development/reality2/apps/mrserver/deps/geode
/home/parallels/Development/reality2/apps/mrserver/deps/emagick
/home/parallels/Development/reality2/apps/mrserver/deps/mongodb
/home/parallels/Development/reality2/apps/mrserver/deps/bson
/home/parallels/Development/reality2/apps/mrserver/deps/pbkdf2
/home/parallels/Development/reality2/apps/mrserver/deps/poolboy
/home/parallels/Development/reality2/apps/mrserver/deps/gen_smtp
/home/parallels/Development/reality2/apps/mrserver/deps/bcrypt
/home/parallels/Development/reality2/apps/mrserver/deps/simple_oauth2
/home/parallels/Development/reality2/apps/mrserver/deps/jsx
/home/parallels/Development/reality2/apps/mrserver/deps/iso8601
/home/parallels/Development/reality2/apps/mrserver/deps/edate
/home/parallels/Development/reality2/apps/mrserver/deps/etest_http
/home/parallels/Development/reality2/apps/mrserver/deps/jiffy
/home/parallels/Development/reality2/apps/mrserver/deps/mimerl
/home/parallels/Development/reality2/apps/mrserver/deps/etoml
/home/parallels/Development/reality2/apps/mrserver/deps/zucchini
